<?xml version="1.0" encoding="UTF-8"?>
<!-- Generated by org.testng.reporters.JUnitXMLReporter -->
<testsuite ignored="0" hostname="DESKTOP-QGMO3TS" failures="0" tests="3" name="Test" time="72.832" errors="0" timestamp="2024-09-06T18:41:05 IST">
  <testcase classname="testCases.LoginTest" name="verify_correctlogin" time="18.453"/>
  <testcase classname="testCases.LoginTest" name="verify_correctlogin" time="21.135"/>
  <testcase classname="testCases.LoginTest" name="verify_correctlogin" time="21.261"/>
</testsuite> <!-- Test -->
