<?xml version="1.0" encoding="UTF-8"?>
<testng-results ignored="0" total="3" passed="3" failed="0" skipped="0">
  <reporter-output>
  </reporter-output>
  <suite started-at="2024-09-06T18:39:52 IST" name="Suite" finished-at="2024-09-06T18:41:05 IST" duration-ms="72832">
    <groups>
    </groups>
    <test started-at="2024-09-06T18:39:52 IST" name="Test" finished-at="2024-09-06T18:41:05 IST" duration-ms="72832">
      <class name="testCases.LoginTest">
        <test-method is-config="true" signature="browserLounching(java.lang.String)[pri:0, instance:testCases.LoginTest@69c79f09]" started-at="2024-09-06T18:39:52 IST" name="browserLounching" finished-at="2024-09-06T18:40:00 IST" duration-ms="8340" status="PASS">
          <params>
            <param index="0">
              <value>
                <![CDATA[chrome]]>
              </value>
            </param>
          </params>
          <reporter-output>
          </reporter-output>
        </test-method> <!-- browserLounching -->
        <test-method signature="verify_correctlogin(java.lang.String,java.lang.String,java.lang.String)[pri:0, instance:testCases.LoginTest@69c79f09]" started-at="2024-09-06T18:40:03 IST" name="verify_correctlogin" data-provider="loginData" finished-at="2024-09-06T18:40:22 IST" duration-ms="18453" status="PASS">
          <params>
            <param index="0">
              <value>
                <![CDATA[Vegapay_Ext7@capriglobal.in]]>
              </value>
            </param>
            <param index="1">
              <value>
                <![CDATA[India@2023]]>
              </value>
            </param>
            <param index="2">
              <value>
                <![CDATA[Correct]]>
              </value>
            </param>
          </params>
          <reporter-output>
          </reporter-output>
        </test-method> <!-- verify_correctlogin -->
        <test-method signature="verify_correctlogin(java.lang.String,java.lang.String,java.lang.String)[pri:0, instance:testCases.LoginTest@69c79f09]" started-at="2024-09-06T18:40:22 IST" name="verify_correctlogin" data-provider="loginData" finished-at="2024-09-06T18:40:43 IST" duration-ms="21135" status="PASS">
          <params>
            <param index="0">
              <value>
                <![CDATA[Vegapay_Ext7@capriglobal.in]]>
              </value>
            </param>
            <param index="1">
              <value>
                <![CDATA[India@202]]>
              </value>
            </param>
            <param index="2">
              <value>
                <![CDATA[Incorrect]]>
              </value>
            </param>
          </params>
          <reporter-output>
          </reporter-output>
        </test-method> <!-- verify_correctlogin -->
        <test-method signature="verify_correctlogin(java.lang.String,java.lang.String,java.lang.String)[pri:0, instance:testCases.LoginTest@69c79f09]" started-at="2024-09-06T18:40:43 IST" name="verify_correctlogin" data-provider="loginData" finished-at="2024-09-06T18:41:04 IST" duration-ms="21261" status="PASS">
          <params>
            <param index="0">
              <value>
                <![CDATA[Vegapay_Ext@capriglobal.in]]>
              </value>
            </param>
            <param index="1">
              <value>
                <![CDATA[India@2023]]>
              </value>
            </param>
            <param index="2">
              <value>
                <![CDATA[Incorrect]]>
              </value>
            </param>
          </params>
          <reporter-output>
          </reporter-output>
        </test-method> <!-- verify_correctlogin -->
        <test-method is-config="true" signature="tearDown()[pri:0, instance:testCases.LoginTest@69c79f09]" started-at="2024-09-06T18:41:04 IST" name="tearDown" finished-at="2024-09-06T18:41:05 IST" duration-ms="545" status="PASS">
          <reporter-output>
          </reporter-output>
        </test-method> <!-- tearDown -->
      </class> <!-- testCases.LoginTest -->
    </test> <!-- Test -->
  </suite> <!-- Suite -->
</testng-results>
